[debug] [2022-10-08T11:10:50.071Z] ----------------------------------------------------------------------
[debug] [2022-10-08T11:10:50.073Z] Command:       C:\Program Files\nodejs\node.exe C:\Users\DELL\AppData\Roaming\npm\node_modules\firebase-tools\lib\bin\firebase.js init
[debug] [2022-10-08T11:10:50.074Z] CLI Version:   11.7.0
[debug] [2022-10-08T11:10:50.074Z] Platform:      win32
[debug] [2022-10-08T11:10:50.074Z] Node Version:  v16.13.1
[debug] [2022-10-08T11:10:50.087Z] Time:          Sat Oct 08 2022 16:40:50 GMT+0530 (India Standard Time)
[debug] [2022-10-08T11:10:50.088Z] ----------------------------------------------------------------------
[debug] 
[debug] [2022-10-08T11:10:50.174Z] > command requires scopes: ["email","openid","https://www.googleapis.com/auth/cloudplatformprojects.readonly","https://www.googleapis.com/auth/firebase","https://www.googleapis.com/auth/cloud-platform"]
[debug] [2022-10-08T11:10:50.175Z] > authorizing via signed-in user (tejaswi1910@gmail.com)
[info] 
     ######## #### ########  ######## ########     ###     ######  ########
     ##        ##  ##     ## ##       ##     ##  ##   ##  ##       ##
     ######    ##  ########  ######   ########  #########  ######  ######
     ##        ##  ##    ##  ##       ##     ## ##     ##       ## ##
     ##       #### ##     ## ######## ########  ##     ##  ######  ########

You're about to initialize a Firebase project in this directory:

  C:\Users\DELL\amazon-clone

Before we get started, keep in mind:

  * You are initializing within an existing Firebase project directory

[debug] [2022-10-08T11:17:54.957Z] Error: kill ENOSYS
    at process.kill (node:internal/process/per_thread:215:13)
    at process.listener (C:\Users\DELL\AppData\Roaming\npm\node_modules\firebase-tools\node_modules\signal-exit\index.js:95:15)
    at process.emit (node:events:390:28)
[error] 
[error] Error: An unexpected error has occurred.
